2015-05-28T08:41:42.737Z - info: [5d9758c0-0515-11e5-abc1-a590a9642424]::[Resource:1:3:555555555] ************************* Start RemoveResource *************************
2015-05-28T08:41:42.737Z - info: [5d9758c0-0515-11e5-abc1-a590a9642424]::[Resource:1:3:555555555] --------------------------------------------------
2015-05-28T08:41:42.737Z - info: [5d9758c0-0515-11e5-abc1-a590a9642424]::[Resource:1:3:555555555] GetObj - key: Resource:1:3:555555555
2015-05-28T08:41:42.739Z - info: [5d9758c0-0515-11e5-abc1-a590a9642424]::[Resource:1:3:555555555] GetObj - key: Resource:1:3:555555555 :: Reply: {"Company":1,"Tenant":3,"Class":"HUMANRESOURCE","Type":"CALLCENTER","Category":"AGENT","ResourceId":"555555555","ResourceAttributeInfo":[{"Attribute":"123456","Class":"CALLSERVER","Type":"CALL","Category":"LANGUAGE","Percentage":90},{"Attribute":"875463","Class":"CALLSERVER","Type":"CALL","Category":"LANGUAGE","Percentage":70}],"ConcurrencyInfo":["CSlotInfo:1:3:555555555:CALLSERVER:ARDS:CALL:0","ConcurrencyInfo:1:3:555555555:CALLSERVER:ARDS:CALL"],"OtherInfo":"{\"Extention\":3562, \"DialHostName\":\"192.168.2.38\"}"}
2015-05-28T08:41:42.739Z - info: [5d9758c0-0515-11e5-abc1-a590a9642424]::[Resource:1:3:555555555] --------------------------------------------------
2015-05-28T08:41:42.739Z - info: [5d9758c0-0515-11e5-abc1-a590a9642424]::[Resource:1:3:555555555] GetObj - key: CSlotInfo:1:3:555555555:CALLSERVER:ARDS:CALL:0
2015-05-28T08:41:42.739Z - info: [5d9758c0-0515-11e5-abc1-a590a9642424]::[Resource:1:3:555555555] --------------------------------------------------
2015-05-28T08:41:42.739Z - info: [5d9758c0-0515-11e5-abc1-a590a9642424]::[Resource:1:3:555555555] GetObj - key: ConcurrencyInfo:1:3:555555555:CALLSERVER:ARDS:CALL
2015-05-28T08:41:42.741Z - info: [5d9758c0-0515-11e5-abc1-a590a9642424]::[Resource:1:3:555555555] GetObj - key: CSlotInfo:1:3:555555555:CALLSERVER:ARDS:CALL:0 :: Reply: {"Company":1,"Tenant":3,"Class":"CALLSERVER","Type":"ARDS","Category":"CALL","State":"Available","HandlingRequest":"","LastReservedTime":"","ResourceId":"555555555","SlotId":0,"ObjKey":"CSlotInfo:1:3:555555555:CALLSERVER:ARDS:CALL:0","OtherInfo":""}
2015-05-28T08:41:42.741Z - info: [5d9758c0-0515-11e5-abc1-a590a9642424]::[Resource:1:3:555555555] GetObj - key: ConcurrencyInfo:1:3:555555555:CALLSERVER:ARDS:CALL :: Reply: {"Company":1,"Tenant":3,"Class":"CALLSERVER","Type":"ARDS","Category":"CALL","LastConnectedTime":"","RejectCount":0,"ResourceId":"555555555","ObjKey":"ConcurrencyInfo:1:3:555555555:CALLSERVER:ARDS:CALL"}
2015-05-28T08:41:42.742Z - info: [5d9758c0-0515-11e5-abc1-a590a9642424]::[Resource:1:3:555555555] --------------------------------------------------
2015-05-28T08:41:42.742Z - info: [5d9758c0-0515-11e5-abc1-a590a9642424]::[Resource:1:3:555555555] RemoveObj - key: ResourceState:1:3:555555555
2015-05-28T08:41:42.742Z - info: [5d9758c0-0515-11e5-abc1-a590a9642424]::[Resource:1:3:555555555] --------------------------------------------------
2015-05-28T08:41:42.742Z - info: [5d9758c0-0515-11e5-abc1-a590a9642424]::[Resource:1:3:555555555] RemoveObj_V_T - key: Resource:1:3:555555555
2015-05-28T08:41:42.745Z - info: [5d9758c0-0515-11e5-abc1-a590a9642424]::[Resource:1:3:555555555] --------------------------------------------------
2015-05-28T08:41:42.745Z - info: [5d9758c0-0515-11e5-abc1-a590a9642424]::[Resource:1:3:555555555] RemoveObj_V_T - key: CSlotInfo:1:3:555555555:CALLSERVER:ARDS:CALL:0
2015-05-28T08:41:42.745Z - info: [5d9758c0-0515-11e5-abc1-a590a9642424]::[Resource:1:3:555555555] --------------------------------------------------
2015-05-28T08:41:42.745Z - info: [5d9758c0-0515-11e5-abc1-a590a9642424]::[Resource:1:3:555555555] RemoveObj_V_T - key: ConcurrencyInfo:1:3:555555555:CALLSERVER:ARDS:CALL
2015-05-28T08:41:42.746Z - info: [5d9758c0-0515-11e5-abc1-a590a9642424]::[Resource:1:3:555555555] RemoveObj - key: ResourceState:1:3:555555555 :: Reply: 1
2015-05-28T08:41:42.746Z - info: [5d9758c0-0515-11e5-abc1-a590a9642424]::[Resource:1:3:555555555] RemoveObj_V_T - key: Resource:1:3:555555555 :: Reply: 1
2015-05-28T08:41:42.746Z - info: [5d9758c0-0515-11e5-abc1-a590a9642424]::[Resource:1:3:555555555] Finished RemoveResource. Result: true
2015-05-28T08:41:42.765Z - info: [5d9758c0-0515-11e5-abc1-a590a9642424]::[Resource:1:3:555555555] RemoveObj_V_T - key: CSlotInfo:1:3:555555555:CALLSERVER:ARDS:CALL:0 :: Reply: 1
2015-05-28T08:41:42.765Z - info: [5d9758c0-0515-11e5-abc1-a590a9642424]::[Resource:1:3:555555555] RemoveObj_V_T - key: ConcurrencyInfo:1:3:555555555:CALLSERVER:ARDS:CALL :: Reply: 1
2015-05-28T08:42:41.074Z - info: [805d5300-0515-11e5-abc1-a590a9642424]::[Resource:1:3:555555555] ************************* Start AddResource *************************
2015-05-28T08:42:41.077Z - info: [805d5300-0515-11e5-abc1-a590a9642424]::[Resource:1:3:555555555] --------------------------------------------------
2015-05-28T08:42:41.077Z - info: [805d5300-0515-11e5-abc1-a590a9642424]::[Resource:1:3:555555555] AddObj_V_T - key: CSlotInfo:1:3:555555555:CALLSERVER:ARDS:CALL:0 :: obj: {"Company":1,"Tenant":3,"Class":"CALLSERVER","Type":"ARDS","Category":"CALL","State":"Available","HandlingRequest":"","LastReservedTime":"","ResourceId":"555555555","SlotId":0,"ObjKey":"CSlotInfo:1:3:555555555:CALLSERVER:ARDS:CALL:0","OtherInfo":""}
2015-05-28T08:42:41.077Z - info: [805d5300-0515-11e5-abc1-a590a9642424]::[Resource:1:3:555555555] SetTags - objkey: CSlotInfo:1:3:555555555:CALLSERVER:ARDS:CALL:0 :: tagkey: tag:company_1:tenant_3:class_CALLSERVER:type_ARDS:category_CALL:state_Available:resourceid_555555555:objtype_CSlotInfo:slotid_0 :: tagMetakey: tagMeta:CSlotInfo:1:3:555555555:CALLSERVER:ARDS:CALL:0
2015-05-28T08:42:41.078Z - info: [805d5300-0515-11e5-abc1-a590a9642424]::[Resource:1:3:555555555] --------------------------------------------------
2015-05-28T08:42:41.078Z - info: [805d5300-0515-11e5-abc1-a590a9642424]::[Resource:1:3:555555555] AddObj_V_T - key: ConcurrencyInfo:1:3:555555555:CALLSERVER:ARDS:CALL :: obj: {"Company":1,"Tenant":3,"Class":"CALLSERVER","Type":"ARDS","Category":"CALL","LastConnectedTime":"","RejectCount":0,"ResourceId":"555555555","ObjKey":"ConcurrencyInfo:1:3:555555555:CALLSERVER:ARDS:CALL"}
2015-05-28T08:42:41.078Z - info: [805d5300-0515-11e5-abc1-a590a9642424]::[Resource:1:3:555555555] SetTags - objkey: ConcurrencyInfo:1:3:555555555:CALLSERVER:ARDS:CALL :: tagkey: tag:company_1:tenant_3:class_CALLSERVER:type_ARDS:category_CALL:resourceid_555555555:objtype_ConcurrencyInfo :: tagMetakey: tagMeta:ConcurrencyInfo:1:3:555555555:CALLSERVER:ARDS:CALL
2015-05-28T08:42:41.078Z - info: [805d5300-0515-11e5-abc1-a590a9642424]::[Resource:1:3:555555555] --------------------------------------------------
2015-05-28T08:42:41.078Z - info: [805d5300-0515-11e5-abc1-a590a9642424]::[Resource:1:3:555555555] AddObj_V_T - key: CSlotInfo:1:3:555555555:SMSSERVER:ARDS:SMS:0 :: obj: {"Company":1,"Tenant":3,"Class":"SMSSERVER","Type":"ARDS","Category":"SMS","State":"Available","HandlingRequest":"","LastReservedTime":"","ResourceId":"555555555","SlotId":0,"ObjKey":"CSlotInfo:1:3:555555555:SMSSERVER:ARDS:SMS:0","OtherInfo":""}
2015-05-28T08:42:41.078Z - info: [805d5300-0515-11e5-abc1-a590a9642424]::[Resource:1:3:555555555] SetTags - objkey: CSlotInfo:1:3:555555555:SMSSERVER:ARDS:SMS:0 :: tagkey: tag:company_1:tenant_3:class_SMSSERVER:type_ARDS:category_SMS:state_Available:resourceid_555555555:objtype_CSlotInfo:slotid_0 :: tagMetakey: tagMeta:CSlotInfo:1:3:555555555:SMSSERVER:ARDS:SMS:0
2015-05-28T08:42:41.078Z - info: [805d5300-0515-11e5-abc1-a590a9642424]::[Resource:1:3:555555555] --------------------------------------------------
2015-05-28T08:42:41.078Z - info: [805d5300-0515-11e5-abc1-a590a9642424]::[Resource:1:3:555555555] AddObj_V_T - key: CSlotInfo:1:3:555555555:SMSSERVER:ARDS:SMS:1 :: obj: {"Company":1,"Tenant":3,"Class":"SMSSERVER","Type":"ARDS","Category":"SMS","State":"Available","HandlingRequest":"","LastReservedTime":"","ResourceId":"555555555","SlotId":1,"ObjKey":"CSlotInfo:1:3:555555555:SMSSERVER:ARDS:SMS:1","OtherInfo":""}
2015-05-28T08:42:41.078Z - info: [805d5300-0515-11e5-abc1-a590a9642424]::[Resource:1:3:555555555] SetTags - objkey: CSlotInfo:1:3:555555555:SMSSERVER:ARDS:SMS:1 :: tagkey: tag:company_1:tenant_3:class_SMSSERVER:type_ARDS:category_SMS:state_Available:resourceid_555555555:objtype_CSlotInfo:slotid_1 :: tagMetakey: tagMeta:CSlotInfo:1:3:555555555:SMSSERVER:ARDS:SMS:1
2015-05-28T08:42:41.078Z - info: [805d5300-0515-11e5-abc1-a590a9642424]::[Resource:1:3:555555555] --------------------------------------------------
2015-05-28T08:42:41.079Z - info: [805d5300-0515-11e5-abc1-a590a9642424]::[Resource:1:3:555555555] AddObj_V_T - key: ConcurrencyInfo:1:3:555555555:SMSSERVER:ARDS:SMS :: obj: {"Company":1,"Tenant":3,"Class":"SMSSERVER","Type":"ARDS","Category":"SMS","LastConnectedTime":"","RejectCount":0,"ResourceId":"555555555","ObjKey":"ConcurrencyInfo:1:3:555555555:SMSSERVER:ARDS:SMS"}
2015-05-28T08:42:41.079Z - info: [805d5300-0515-11e5-abc1-a590a9642424]::[Resource:1:3:555555555] SetTags - objkey: ConcurrencyInfo:1:3:555555555:SMSSERVER:ARDS:SMS :: tagkey: tag:company_1:tenant_3:class_SMSSERVER:type_ARDS:category_SMS:resourceid_555555555:objtype_ConcurrencyInfo :: tagMetakey: tagMeta:ConcurrencyInfo:1:3:555555555:SMSSERVER:ARDS:SMS
2015-05-28T08:42:41.080Z - info: [805d5300-0515-11e5-abc1-a590a9642424]::[Resource:1:3:555555555] --------------------------------------------------
2015-05-28T08:42:41.080Z - info: [805d5300-0515-11e5-abc1-a590a9642424]::[Resource:1:3:555555555] AddObj_V_T - key: Resource:1:3:555555555 :: obj: {"Company":1,"Tenant":3,"Class":"HUMANRESOURCE","Type":"CALLCENTER","Category":"AGENT","ResourceId":"555555555","ResourceAttributeInfo":[{"Attribute":"123456","Class":"CALLSERVER","Type":"CALL","Category":"LANGUAGE","Percentage":90},{"Attribute":"875463","Class":"CALLSERVER","Type":"CALL","Category":"LANGUAGE","Percentage":70}],"ConcurrencyInfo":["CSlotInfo:1:3:555555555:CALLSERVER:ARDS:CALL:0","ConcurrencyInfo:1:3:555555555:CALLSERVER:ARDS:CALL","CSlotInfo:1:3:555555555:SMSSERVER:ARDS:SMS:0","CSlotInfo:1:3:555555555:SMSSERVER:ARDS:SMS:1","ConcurrencyInfo:1:3:555555555:SMSSERVER:ARDS:SMS"],"OtherInfo":"{\"Extention\":3562, \"DialHostName\":\"192.168.2.38\"}"}
2015-05-28T08:42:41.080Z - info: [805d5300-0515-11e5-abc1-a590a9642424]::[Resource:1:3:555555555] SetTags - objkey: Resource:1:3:555555555 :: tagkey: tag:company_1:tenant_3:class_HUMANRESOURCE:type_CALLCENTER:category_AGENT:objtype_Resource:resourceid_555555555:attribute_123456:attribute_875463 :: tagMetakey: tagMeta:Resource:1:3:555555555
2015-05-28T08:42:41.080Z - debug: [805d5300-0515-11e5-abc1-a590a9642424]::[Resource:1:3:555555555] SetTags Get tag meta - Result: Not found.
2015-05-28T08:42:41.081Z - debug: [805d5300-0515-11e5-abc1-a590a9642424]::[Resource:1:3:555555555] SetTags Get tag meta - Result: Not found.
2015-05-28T08:42:41.081Z - debug: [805d5300-0515-11e5-abc1-a590a9642424]::[Resource:1:3:555555555] SetTags Get tag meta - Result: Not found.
2015-05-28T08:42:41.081Z - debug: [805d5300-0515-11e5-abc1-a590a9642424]::[Resource:1:3:555555555] SetTags Get tag meta - Result: Not found.
2015-05-28T08:42:41.081Z - debug: [805d5300-0515-11e5-abc1-a590a9642424]::[Resource:1:3:555555555] SetTags Get tag meta - Result: Not found.
2015-05-28T08:42:41.081Z - debug: [805d5300-0515-11e5-abc1-a590a9642424]::[Resource:1:3:555555555] SetTags Get tag meta - Result: Not found.
2015-05-28T08:42:41.082Z - info: [805d5300-0515-11e5-abc1-a590a9642424]::[Resource:1:3:555555555] SetTags Set new tag success. - Result: OK
2015-05-28T08:42:41.082Z - info: [805d5300-0515-11e5-abc1-a590a9642424]::[Resource:1:3:555555555] SetTags Set new tag success. - Result: OK
2015-05-28T08:42:41.082Z - info: [805d5300-0515-11e5-abc1-a590a9642424]::[Resource:1:3:555555555] SetTags Set new tag success. - Result: OK
2015-05-28T08:42:41.082Z - info: [805d5300-0515-11e5-abc1-a590a9642424]::[Resource:1:3:555555555] SetTags Set new tag success. - Result: OK
2015-05-28T08:42:41.082Z - info: [805d5300-0515-11e5-abc1-a590a9642424]::[Resource:1:3:555555555] SetTags Set new tag success. - Result: OK
2015-05-28T08:42:41.083Z - info: [805d5300-0515-11e5-abc1-a590a9642424]::[Resource:1:3:555555555] SetTags Set new tag success. - Result: OK
2015-05-28T08:42:41.084Z - debug: [805d5300-0515-11e5-abc1-a590a9642424]::[Resource:1:3:555555555] SetTags Set tag meta success.
2015-05-28T08:42:41.084Z - debug: [805d5300-0515-11e5-abc1-a590a9642424]::[Resource:1:3:555555555] SetTags Set tag meta success.
2015-05-28T08:42:41.084Z - debug: [805d5300-0515-11e5-abc1-a590a9642424]::[Resource:1:3:555555555] SetTags Set tag meta success.
2015-05-28T08:42:41.085Z - debug: [805d5300-0515-11e5-abc1-a590a9642424]::[Resource:1:3:555555555] SetTags Set tag meta success.
2015-05-28T08:42:41.085Z - debug: [805d5300-0515-11e5-abc1-a590a9642424]::[Resource:1:3:555555555] SetTags Set tag meta success.
2015-05-28T08:42:41.085Z - debug: [805d5300-0515-11e5-abc1-a590a9642424]::[Resource:1:3:555555555] SetTags Set tag meta success.
2015-05-28T08:42:41.095Z - info: [805d5300-0515-11e5-abc1-a590a9642424]::[Resource:1:3:555555555] AddObj_V_T Success - key: CSlotInfo:1:3:555555555:CALLSERVER:ARDS:CALL:0
2015-05-28T08:42:41.095Z - info: [805d5300-0515-11e5-abc1-a590a9642424]::[Resource:1:3:555555555] AddObj_V_T Success - key: ConcurrencyInfo:1:3:555555555:CALLSERVER:ARDS:CALL
2015-05-28T08:42:41.095Z - info: [805d5300-0515-11e5-abc1-a590a9642424]::[Resource:1:3:555555555] AddObj_V_T Success - key: CSlotInfo:1:3:555555555:SMSSERVER:ARDS:SMS:0
2015-05-28T08:42:41.095Z - info: [805d5300-0515-11e5-abc1-a590a9642424]::[Resource:1:3:555555555] AddObj_V_T Success - key: CSlotInfo:1:3:555555555:SMSSERVER:ARDS:SMS:1
2015-05-28T08:42:41.095Z - info: [805d5300-0515-11e5-abc1-a590a9642424]::[Resource:1:3:555555555] AddObj_V_T Success - key: ConcurrencyInfo:1:3:555555555:SMSSERVER:ARDS:SMS
2015-05-28T08:42:41.095Z - info: [805d5300-0515-11e5-abc1-a590a9642424]::[Resource:1:3:555555555] AddObj_V_T Success - key: Resource:1:3:555555555
2015-05-28T08:42:41.096Z - info: [805d5300-0515-11e5-abc1-a590a9642424]::[Resource:1:3:555555555] Finished AddResource. Result: OK
2015-05-28T08:42:41.098Z - info: [805d5300-0515-11e5-abc1-a590a9642424]::[Resource:1:3:555555555] --------------------------------------------------
2015-05-28T08:42:41.098Z - info: [805d5300-0515-11e5-abc1-a590a9642424]::[Resource:1:3:555555555] SetObj - key: ResourceState:1:3:555555555 :: obj: Available
2015-05-28T08:42:41.100Z - info: [805d5300-0515-11e5-abc1-a590a9642424]::[Resource:1:3:555555555] SetObj - key: ResourceState:1:3:555555555 :: Reply: OK
