0 info it worked if it ends with ok
1 verbose cli [ 'C:\\Program Files\\nodejs\\\\node.exe',
1 verbose cli   'C:\\Program Files\\nodejs\\node_modules\\npm\\bin\\npm-cli.js',
1 verbose cli   'install',
1 verbose cli   'request\'' ]
2 info using npm@1.4.28
3 info using node@v0.10.33
4 verbose node symlink C:\Program Files\nodejs\\node.exe
5 warn package.json ArdsNode@0.0.0 No repository field.
6 verbose readDependencies using package.json deps
7 verbose cache add [ 'request\'', null ]
8 verbose cache add name=undefined spec="request'" args=["request'",null]
9 verbose parsed url { protocol: null,
9 verbose parsed url   slashes: null,
9 verbose parsed url   auth: null,
9 verbose parsed url   host: null,
9 verbose parsed url   port: null,
9 verbose parsed url   hostname: null,
9 verbose parsed url   hash: null,
9 verbose parsed url   search: null,
9 verbose parsed url   query: null,
9 verbose parsed url   pathname: 'request%27',
9 verbose parsed url   path: 'request%27',
9 verbose parsed url   href: 'request%27' }
10 silly lockFile b4710b98-request request'
11 verbose lock request' C:\Users\Heshan.i\AppData\Roaming\npm-cache\b4710b98-request.lock
12 silly lockFile b4710b98-request request'
13 silly lockFile b4710b98-request request'
14 verbose addNamed [ 'request\'', '' ]
15 verbose addNamed [ null, '*' ]
16 silly lockFile 381e8017-request request'@
17 verbose lock request'@ C:\Users\Heshan.i\AppData\Roaming\npm-cache\381e8017-request.lock
18 silly addNameRange { name: 'request\'', range: '*', hasData: false }
19 verbose request where is /request%27
20 verbose request registry https://registry.npmjs.org/
21 verbose request id 3de394ecefa28c44
22 verbose url raw /request%27
23 verbose url resolving [ 'https://registry.npmjs.org/', './request%2527' ]
24 verbose url resolved https://registry.npmjs.org/request%2527
25 verbose request where is https://registry.npmjs.org/request%2527
26 info trying registry request attempt 1 at 17:54:09
27 http GET https://registry.npmjs.org/request%2527
28 http 404 https://registry.npmjs.org/request%2527
29 verbose headers { date: 'Tue, 28 Apr 2015 12:30:48 GMT',
29 verbose headers   server: 'CouchDB/1.5.0 (Erlang OTP/R16B03)',
29 verbose headers   'content-type': 'application/json',
29 verbose headers   'cache-control': 'max-age=0',
29 verbose headers   'content-length': '51',
29 verbose headers   'accept-ranges': 'bytes',
29 verbose headers   via: '1.1 varnish',
29 verbose headers   age: '0',
29 verbose headers   'x-served-by': 'cache-sn86-SIN',
29 verbose headers   'x-cache': 'MISS',
29 verbose headers   'x-cache-hits': '0',
29 verbose headers   'x-timer': 'S1430224247.864496,VS0,VE209',
29 verbose headers   'keep-alive': 'timeout=10, max=50',
29 verbose headers   connection: 'Keep-Alive' }
30 silly registry.get cb [ 404,
30 silly registry.get   { date: 'Tue, 28 Apr 2015 12:30:48 GMT',
30 silly registry.get     server: 'CouchDB/1.5.0 (Erlang OTP/R16B03)',
30 silly registry.get     'content-type': 'application/json',
30 silly registry.get     'cache-control': 'max-age=0',
30 silly registry.get     'content-length': '51',
30 silly registry.get     'accept-ranges': 'bytes',
30 silly registry.get     via: '1.1 varnish',
30 silly registry.get     age: '0',
30 silly registry.get     'x-served-by': 'cache-sn86-SIN',
30 silly registry.get     'x-cache': 'MISS',
30 silly registry.get     'x-cache-hits': '0',
30 silly registry.get     'x-timer': 'S1430224247.864496,VS0,VE209',
30 silly registry.get     'keep-alive': 'timeout=10, max=50',
30 silly registry.get     connection: 'Keep-Alive' } ]
31 silly lockFile 381e8017-request request'@
32 silly lockFile 381e8017-request request'@
33 error 404 404 Not Found: request%2527
33 error 404
33 error 404 'request%2527' is not in the npm registry.
33 error 404 You should bug the author to publish it
33 error 404 It was specified as a dependency of 'ArdsNode'
33 error 404
33 error 404 Note that you can also install from a
33 error 404 tarball, folder, or http url, or git url.
34 error System Windows_NT 6.2.9200
35 error command "C:\\Program Files\\nodejs\\\\node.exe" "C:\\Program Files\\nodejs\\node_modules\\npm\\bin\\npm-cli.js" "install" "request'"
36 error cwd D:\Duo Projects\Version 5.1\Node.jsProjects\ARDS\ARDS Lite\ArdsNode\ArdsNode
37 error node -v v0.10.33
38 error npm -v 1.4.28
39 error code E404
40 verbose exit [ 1, true ]
