2015-05-26T05:28:23.437Z - info: [070b95b0-0368-11e5-a779-353e2c51ad2e]::[request-getall:company_1:tenant_3] --------------------------------------------------
2015-05-26T05:28:23.439Z - info: [070b95b0-0368-11e5-a779-353e2c51ad2e]::[request-getall:company_1:tenant_3] Start- request/getall # company=1, tenant=3
2015-05-26T05:28:23.444Z - info: [070b95b0-0368-11e5-a779-353e2c51ad2e]::[request-getall:company_1:tenant_3] End- request/getall :: Result: success #
2015-05-26T05:30:40.353Z - info: [58a79d10-0368-11e5-a779-353e2c51ad2e]::[request-getall:company_1:tenant_3] --------------------------------------------------
2015-05-26T05:30:40.354Z - info: [58a79d10-0368-11e5-a779-353e2c51ad2e]::[request-getall:company_1:tenant_3] Start- request/getall # company=1, tenant=3
2015-05-26T05:30:40.355Z - info: [58a79d10-0368-11e5-a779-353e2c51ad2e]::[request-getall:company_1:tenant_3] End- request/getall :: Result: success #
2015-05-26T05:30:56.024Z - info: [613b8180-0368-11e5-a779-353e2c51ad2e]::[request-getall:company_1:tenant_3] --------------------------------------------------
2015-05-26T05:30:56.960Z - info: [613b8180-0368-11e5-a779-353e2c51ad2e]::[request-getall:company_1:tenant_3] Start- request/getall # company=1, tenant=3
2015-05-26T05:31:52.834Z - info: [613b8180-0368-11e5-a779-353e2c51ad2e]::[request-getall:company_1:tenant_3] End- request/getall :: Result: success #
2015-05-26T05:33:00.758Z - info: [ac57b760-0368-11e5-a779-353e2c51ad2e]::[request-getall:company_1:tenant_3] --------------------------------------------------
2015-05-26T05:33:00.758Z - info: [ac57b760-0368-11e5-a779-353e2c51ad2e]::[request-getall:company_1:tenant_3] Start- request/getall # company=1, tenant=3
2015-05-26T05:33:02.548Z - info: [ac57b760-0368-11e5-a779-353e2c51ad2e]::[request-getall:company_1:tenant_3] End- request/getall :: Result: success #
2015-05-26T05:34:32.754Z - info: [e32d3120-0368-11e5-aa2c-29918d8f5892]::[request-getall:company_1:tenant_3] --------------------------------------------------
2015-05-26T05:34:32.756Z - info: [e32d3120-0368-11e5-aa2c-29918d8f5892]::[request-getall:company_1:tenant_3] Start- request/getall # company=1, tenant=3
2015-05-26T05:34:34.296Z - info: [e32d3120-0368-11e5-aa2c-29918d8f5892]::[request-getall:company_1:tenant_3] End- request/getall :: Result: success #
2015-05-26T05:35:03.519Z - info: [f58367e0-0368-11e5-aa2c-29918d8f5892]::[request-getall:company_1:tenant_3] --------------------------------------------------
2015-05-26T05:35:03.519Z - info: [f58367e0-0368-11e5-aa2c-29918d8f5892]::[request-getall:company_1:tenant_3] Start- request/getall # company=1, tenant=3
2015-05-26T05:35:37.542Z - info: [f58367e0-0368-11e5-aa2c-29918d8f5892]::[request-getall:company_1:tenant_3] End- request/getall :: Result: success #
2015-05-26T05:37:19.005Z - info: [4644edc0-0369-11e5-aff4-e5d6e7f112d3]::[request-getall:company_1:tenant_3] --------------------------------------------------
2015-05-26T05:37:19.006Z - info: [4644edc0-0369-11e5-aff4-e5d6e7f112d3]::[request-getall:company_1:tenant_3] Start- request/getall # company=1, tenant=3
2015-05-26T05:37:27.646Z - info: [4644edc0-0369-11e5-aff4-e5d6e7f112d3]::[request-getall:company_1:tenant_3] End- request/getall :: Result: success #
2015-05-26T05:38:25.837Z - info: [6e1ad5d0-0369-11e5-aff4-e5d6e7f112d3]::[request-getall:company_1:tenant_3] --------------------------------------------------
2015-05-26T05:38:25.837Z - info: [6e1ad5d0-0369-11e5-aff4-e5d6e7f112d3]::[request-getall:company_1:tenant_3] Start- request/getall # company=1, tenant=3
2015-05-26T05:38:30.943Z - info: [6e1ad5d0-0369-11e5-aff4-e5d6e7f112d3]::[request-getall:company_1:tenant_3] End- request/getall :: Result: success #
2015-05-26T05:39:18.731Z - info: [8da1d1b0-0369-11e5-aa67-8144fe209a25]::[request-getall:company_1:tenant_3] --------------------------------------------------
2015-05-26T05:39:18.732Z - info: [8da1d1b0-0369-11e5-aa67-8144fe209a25]::[request-getall:company_1:tenant_3] Start- request/getall # company=1, tenant=3
2015-05-26T05:39:18.746Z - info: [8da1d1b0-0369-11e5-aa67-8144fe209a25]::[request-getall:company_1:tenant_3] End- request/getall :: Result: success #
2015-05-26T05:45:09.810Z - info: [5ee41210-036a-11e5-a5e4-5fb1543e27b6]::[request-getall:company_1:tenant_3] --------------------------------------------------
2015-05-26T05:45:09.811Z - info: [5ee41210-036a-11e5-a5e4-5fb1543e27b6]::[request-getall:company_1:tenant_3] Start- request/getall # company=1, tenant=3
2015-05-26T05:45:38.970Z - info: [7045afa0-036a-11e5-a5e4-5fb1543e27b6]::[request-getall:company_1:tenant_3] --------------------------------------------------
2015-05-26T05:45:38.970Z - info: [7045afa0-036a-11e5-a5e4-5fb1543e27b6]::[request-getall:company_1:tenant_3] Start- request/getall # company=1, tenant=3
2015-05-26T05:46:25.860Z - info: [8c386130-036a-11e5-a523-4defd23351ae]::[request-getall:company_1:tenant_3] --------------------------------------------------
2015-05-26T05:46:25.860Z - info: [8c386130-036a-11e5-a523-4defd23351ae]::[request-getall:company_1:tenant_3] Start- request/getall # company=1, tenant=3
2015-05-26T05:46:37.109Z - info: [92ecfe50-036a-11e5-a523-4defd23351ae]::[request-getall:company_1:tenant_3] --------------------------------------------------
2015-05-26T05:46:37.110Z - info: [92ecfe50-036a-11e5-a523-4defd23351ae]::[request-getall:company_1:tenant_3] Start- request/getall # company=1, tenant=3
2015-05-26T05:47:34.449Z - info: [b51a3b00-036a-11e5-a2df-e9540889b869]::[request-getall:company_1:tenant_3] --------------------------------------------------
2015-05-26T05:47:34.449Z - info: [b51a3b00-036a-11e5-a2df-e9540889b869]::[request-getall:company_1:tenant_3] Start- request/getall # company=1, tenant=3
2015-05-26T05:47:36.160Z - info: [b51a3b00-036a-11e5-a2df-e9540889b869]::[request-getall:company_1:tenant_3] End- request/getall :: Result: success #
2015-05-26T11:25:25.208Z - info: [e76abd80-0399-11e5-bcb4-3f622d9ce416]::[request-filterByClassTypeCategory:company_1:tenant_3:class_CALLSERVER:type_ARDS:category_CALL] --------------------------------------------------
2015-05-26T11:25:25.209Z - info: [e76abd80-0399-11e5-bcb4-3f622d9ce416]::[request-filterByClassTypeCategory:company_1:tenant_3:class_CALLSERVER:type_ARDS:category_CALL] Start- request/getall # company=1, tenant=3, class=CALLSERVER, type=ARDS, category=CALL
2015-05-26T11:26:03.120Z - info: [fe03a700-0399-11e5-b50e-574807cf71e3]::[request-filterByClassTypeCategory:company_1:tenant_3:class_CALLSERVER:type_ARDS:category_CALL] --------------------------------------------------
2015-05-26T11:26:03.120Z - info: [fe03a700-0399-11e5-b50e-574807cf71e3]::[request-filterByClassTypeCategory:company_1:tenant_3:class_CALLSERVER:type_ARDS:category_CALL] Start- request/getall # company=1, tenant=3, class=CALLSERVER, type=ARDS, category=CALL
2015-05-26T11:26:04.620Z - info: [fe03a700-0399-11e5-b50e-574807cf71e3]::[request-filterByClassTypeCategory:company_1:tenant_3:class_CALLSERVER:type_ARDS:category_CALL] End- request/getall :: Result: success #
2015-05-26T11:26:30.919Z - info: [0e957170-039a-11e5-b50e-574807cf71e3]::[request-filterByClassTypeCategory:company_1:tenant_3:class_SMSSERVER:type_ARDS:category_SMS] --------------------------------------------------
2015-05-26T11:26:30.919Z - info: [0e957170-039a-11e5-b50e-574807cf71e3]::[request-filterByClassTypeCategory:company_1:tenant_3:class_SMSSERVER:type_ARDS:category_SMS] Start- request/getall # company=1, tenant=3, class=SMSSERVER, type=ARDS, category=SMS
2015-05-26T11:26:38.441Z - info: [0e957170-039a-11e5-b50e-574807cf71e3]::[request-filterByClassTypeCategory:company_1:tenant_3:class_SMSSERVER:type_ARDS:category_SMS] End- request/getall :: Result: success #
2015-05-26T11:26:57.758Z - info: [1e94bfe0-039a-11e5-b50e-574807cf71e3]::[request-filterByClassTypeCategory:company_1:tenant_3:class_CALLSERVER:type_ARDS:category_CALL] --------------------------------------------------
2015-05-26T11:26:57.758Z - info: [1e94bfe0-039a-11e5-b50e-574807cf71e3]::[request-filterByClassTypeCategory:company_1:tenant_3:class_CALLSERVER:type_ARDS:category_CALL] Start- request/getall # company=1, tenant=3, class=CALLSERVER, type=ARDS, category=CALL
2015-05-26T11:26:57.768Z - info: [1e94bfe0-039a-11e5-b50e-574807cf71e3]::[request-filterByClassTypeCategory:company_1:tenant_3:class_CALLSERVER:type_ARDS:category_CALL] End- request/getall :: Result: success #
2015-05-27T06:42:12.305Z - info: [81454410-043b-11e5-ae66-b3c5b9245eaa]::[request-getallQueueDetail:company_1:tenant_3] --------------------------------------------------
2015-05-27T06:42:12.306Z - info: [81454410-043b-11e5-ae66-b3c5b9245eaa]::[request-getallQueueDetail:company_1:tenant_3] Start- request/getall # company=1, tenant=3
2015-05-27T06:43:20.070Z - info: [a9a93b50-043b-11e5-bef1-e546a5f7c82c]::[request-getallQueueDetail:company_1:tenant_3] --------------------------------------------------
2015-05-27T06:43:20.071Z - info: [a9a93b50-043b-11e5-bef1-e546a5f7c82c]::[request-getallQueueDetail:company_1:tenant_3] Start- request/getall # company=1, tenant=3
2015-05-27T06:44:04.147Z - info: [c3eed920-043b-11e5-8691-3316348823da]::[request-getallQueueDetail:company_1:tenant_3] --------------------------------------------------
2015-05-27T06:44:04.148Z - info: [c3eed920-043b-11e5-8691-3316348823da]::[request-getallQueueDetail:company_1:tenant_3] Start- request/getall # company=1, tenant=3
2015-05-27T06:44:16.239Z - info: [c3eed920-043b-11e5-8691-3316348823da]::[request-getallQueueDetail:company_1:tenant_3] End- request/getall :: Result: success #
2015-05-27T06:45:31.688Z - info: [f81c8b70-043b-11e5-a94d-b17e794016b3]::[request-getallQueueDetail:company_1:tenant_3] --------------------------------------------------
2015-05-27T06:45:31.689Z - info: [f81c8b70-043b-11e5-a94d-b17e794016b3]::[request-getallQueueDetail:company_1:tenant_3] Start- request/getall # company=1, tenant=3
2015-05-27T06:46:35.041Z - info: [f81c8b70-043b-11e5-a94d-b17e794016b3]::[request-getallQueueDetail:company_1:tenant_3] End- request/getall :: Result: success #
2015-05-27T06:46:39.231Z - info: [205ef0f0-043c-11e5-a94d-b17e794016b3]::[request-getallQueueDetail:company_1:tenant_3] --------------------------------------------------
2015-05-27T06:46:39.231Z - info: [205ef0f0-043c-11e5-a94d-b17e794016b3]::[request-getallQueueDetail:company_1:tenant_3] Start- request/getall # company=1, tenant=3
2015-05-27T06:47:59.305Z - info: [50194390-043c-11e5-b577-813f8372f002]::[request-getallQueueDetail:company_1:tenant_3] --------------------------------------------------
2015-05-27T06:47:59.306Z - info: [50194390-043c-11e5-b577-813f8372f002]::[request-getallQueueDetail:company_1:tenant_3] Start- request/getall # company=1, tenant=3
2015-05-27T06:48:07.929Z - info: [50194390-043c-11e5-b577-813f8372f002]::[request-getallQueueDetail:company_1:tenant_3] End- request/getall :: Result: success #
2015-05-27T06:52:08.315Z - info: [e48505a0-043c-11e5-9c83-5fe872c5ecce]::[request-getallQueueDetail:company_1:tenant_3] --------------------------------------------------
2015-05-27T06:52:08.315Z - info: [e48505a0-043c-11e5-9c83-5fe872c5ecce]::[request-getallQueueDetail:company_1:tenant_3] Start- request/getall # company=1, tenant=3
2015-05-27T06:52:16.027Z - info: [e48505a0-043c-11e5-9c83-5fe872c5ecce]::[request-getallQueueDetail:company_1:tenant_3] End- request/getall :: Result: success #
2015-05-27T06:53:07.494Z - info: [07cb2c60-043d-11e5-9c83-5fe872c5ecce]::[request-getallQueueDetail:company_1:tenant_3] --------------------------------------------------
2015-05-27T06:53:07.494Z - info: [07cb2c60-043d-11e5-9c83-5fe872c5ecce]::[request-getallQueueDetail:company_1:tenant_3] Start- request/getall # company=1, tenant=3
2015-05-27T06:53:11.954Z - info: [07cb2c60-043d-11e5-9c83-5fe872c5ecce]::[request-getallQueueDetail:company_1:tenant_3] End- request/getall :: Result: success #
2015-05-27T06:54:19.094Z - info: [32787760-043d-11e5-9c83-5fe872c5ecce]::[request-getallQueueDetail:company_1:tenant_3] --------------------------------------------------
2015-05-27T06:54:19.095Z - info: [32787760-043d-11e5-9c83-5fe872c5ecce]::[request-getallQueueDetail:company_1:tenant_3] Start- request/getall # company=1, tenant=3
2015-05-27T06:54:27.692Z - info: [32787760-043d-11e5-9c83-5fe872c5ecce]::[request-getallQueueDetail:company_1:tenant_3] End- request/getall :: Result: success #
2015-05-27T06:55:58.651Z - info: [6dcfa8b0-043d-11e5-9c83-5fe872c5ecce]::[request-getallQueueDetail:company_1:tenant_3] --------------------------------------------------
2015-05-27T06:55:58.651Z - info: [6dcfa8b0-043d-11e5-9c83-5fe872c5ecce]::[request-getallQueueDetail:company_1:tenant_3] Start- request/getall # company=1, tenant=3
2015-05-27T06:56:29.283Z - info: [6dcfa8b0-043d-11e5-9c83-5fe872c5ecce]::[request-getallQueueDetail:company_1:tenant_3] End- request/getall :: Result: success #
2015-05-27T06:57:10.101Z - info: [98661050-043d-11e5-9c83-5fe872c5ecce]::[request-getallQueueDetail:company_1:tenant_3] --------------------------------------------------
2015-05-27T06:57:10.101Z - info: [98661050-043d-11e5-9c83-5fe872c5ecce]::[request-getallQueueDetail:company_1:tenant_3] Start- request/getall # company=1, tenant=3
2015-05-27T06:57:15.725Z - info: [98661050-043d-11e5-9c83-5fe872c5ecce]::[request-getallQueueDetail:company_1:tenant_3] End- request/getall :: Result: success #
2015-05-27T06:57:28.754Z - info: [a3842210-043d-11e5-9c83-5fe872c5ecce]::[request-getallQueueDetail:company_1:tenant_3] --------------------------------------------------
2015-05-27T06:57:28.754Z - info: [a3842210-043d-11e5-9c83-5fe872c5ecce]::[request-getallQueueDetail:company_1:tenant_3] Start- request/getall # company=1, tenant=3
2015-05-27T06:58:56.597Z - info: [a3842210-043d-11e5-9c83-5fe872c5ecce]::[request-getallQueueDetail:company_1:tenant_3] End- request/getall :: Result: success #
2015-05-27T06:59:00.827Z - info: [da6582b0-043d-11e5-9c83-5fe872c5ecce]::[request-getallQueueDetail:company_1:tenant_3] --------------------------------------------------
2015-05-27T06:59:00.827Z - info: [da6582b0-043d-11e5-9c83-5fe872c5ecce]::[request-getallQueueDetail:company_1:tenant_3] Start- request/getall # company=1, tenant=3
2015-05-27T07:02:04.622Z - info: [47f23fd0-043e-11e5-8fe2-7737bb7e0c6d]::[request-getallQueueDetail:company_1:tenant_3] --------------------------------------------------
2015-05-27T07:02:04.623Z - info: [47f23fd0-043e-11e5-8fe2-7737bb7e0c6d]::[request-getallQueueDetail:company_1:tenant_3] Start- request/getall # company=1, tenant=3
2015-05-27T07:03:41.166Z - info: [47f23fd0-043e-11e5-8fe2-7737bb7e0c6d]::[request-getallQueueDetail:company_1:tenant_3] End- request/getall :: Result: success #
2015-05-27T07:07:23.795Z - info: [06302f20-043f-11e5-8fe2-7737bb7e0c6d]::[request-getallQueueDetail:company_1:tenant_3] --------------------------------------------------
2015-05-27T07:07:23.795Z - info: [06302f20-043f-11e5-8fe2-7737bb7e0c6d]::[request-getallQueueDetail:company_1:tenant_3] Start- request/getall # company=1, tenant=3
2015-05-27T07:07:48.093Z - info: [06302f20-043f-11e5-8fe2-7737bb7e0c6d]::[request-getallQueueDetail:company_1:tenant_3] End- request/getall :: Result: success #
2015-05-27T07:11:01.235Z - info: [87cb0c30-043f-11e5-8b06-2d64e260288e]::[request-getallQueueDetail:company_1:tenant_3] --------------------------------------------------
2015-05-27T07:11:01.236Z - info: [87cb0c30-043f-11e5-8b06-2d64e260288e]::[request-getallQueueDetail:company_1:tenant_3] Start- request/getall # company=1, tenant=3
2015-05-27T07:11:31.628Z - info: [87cb0c30-043f-11e5-8b06-2d64e260288e]::[request-getallQueueDetail:company_1:tenant_3] End- request/getall :: Result: success #
2015-05-27T07:13:20.337Z - info: [dab42d00-043f-11e5-8b06-2d64e260288e]::[request-getall:company_1:tenant_3] --------------------------------------------------
2015-05-27T07:13:20.337Z - info: [dab42d00-043f-11e5-8b06-2d64e260288e]::[request-getall:company_1:tenant_3] Start- request/getall # company=1, tenant=3
2015-05-27T07:13:26.117Z - info: [dab42d00-043f-11e5-8b06-2d64e260288e]::[request-getall:company_1:tenant_3] End- request/getall :: Result: success #
2015-05-27T07:14:47.562Z - info: [0eb1cea0-0440-11e5-8b06-2d64e260288e]::[request-getall:company_1:tenant_3] --------------------------------------------------
2015-05-27T07:14:47.562Z - info: [0eb1cea0-0440-11e5-8b06-2d64e260288e]::[request-getall:company_1:tenant_3] Start- request/getall # company=1, tenant=3
2015-05-27T07:14:47.581Z - info: [0eb1cea0-0440-11e5-8b06-2d64e260288e]::[request-getall:company_1:tenant_3] End- request/getall :: Result: success #
2015-05-27T07:14:52.114Z - info: [11686320-0440-11e5-8b06-2d64e260288e]::[request-getall:company_1:tenant_3] --------------------------------------------------
2015-05-27T07:14:52.114Z - info: [11686320-0440-11e5-8b06-2d64e260288e]::[request-getall:company_1:tenant_3] Start- request/getall # company=1, tenant=3
2015-05-27T07:14:52.142Z - info: [11686320-0440-11e5-8b06-2d64e260288e]::[request-getall:company_1:tenant_3] End- request/getall :: Result: success #
